<?xml version="1.0" encoding="UTF-8"?>
<!-- Generated by org.testng.reporters.JUnitXMLReporter -->
<testsuite ignored="7" hostname="mymachine" failures="0" tests="1" name="Default test" time="2.369" errors="0" timestamp="2021-08-21T15:08:50 IST">
  <testcase classname="com.todoistProject.test.Testing" name="testToUpdateATask" time="2.343"/>
  <testcase classname="com.todoistProject.test.Testing" name="testToDeleteATask" time="0.0">
    <ignored/>
  </testcase> <!-- testToDeleteATask -->
  <testcase classname="com.todoistProject.test.Testing" name="testToGetAnActiveTask" time="0.0">
    <ignored/>
  </testcase> <!-- testToGetAnActiveTask -->
  <testcase classname="com.todoistProject.test.Testing" name="testToFetchProjectsData" time="0.0">
    <ignored/>
  </testcase> <!-- testToFetchProjectsData -->
  <testcase classname="com.todoistProject.test.Testing" name="testToGetAllActiveTasks" time="0.0">
    <ignored/>
  </testcase> <!-- testToGetAllActiveTasks -->
  <testcase classname="com.todoistProject.test.Testing" name="testToReopenATask" time="0.0">
    <ignored/>
  </testcase> <!-- testToReopenATask -->
  <testcase classname="com.todoistProject.test.Testing" name="testToCloseATask" time="0.0">
    <ignored/>
  </testcase> <!-- testToCloseATask -->
  <testcase classname="com.todoistProject.test.Testing" name="testToCheckCreateTask" time="0.0">
    <ignored/>
  </testcase> <!-- testToCheckCreateTask -->
</testsuite> <!-- Default test -->
