<?xml version="1.0" encoding="UTF-8"?>
<!-- Generated by org.testng.reporters.JUnitXMLReporter -->
<testsuite ignored="3" hostname="ubuntu" failures="0" tests="1" name="Default test" time="10.896" errors="0" timestamp="2021-08-20T17:58:00 IST">
  <testcase classname="com.todoistProject.test.Testing" name="testToCloseATask" time="10.788"/>
  <testcase classname="com.todoistProject.test.Testing" name="testToGetAnActiveTask" time="0.0">
    <ignored/>
  </testcase> <!-- testToGetAnActiveTask -->
  <testcase classname="com.todoistProject.test.Testing" name="testToFetchData" time="0.0">
    <ignored/>
  </testcase> <!-- testToFetchData -->
  <testcase classname="com.todoistProject.test.Testing" name="testToCheckCreateTask" time="0.0">
    <ignored/>
  </testcase> <!-- testToCheckCreateTask -->
</testsuite> <!-- Default test -->
