<?xml version="1.0" encoding="UTF-8"?>
<testng-results ignored="7" total="8" passed="1" failed="0" skipped="0">
  <reporter-output>
  </reporter-output>
  <suite started-at="2021-08-21T18:06:32 IST" name="Default suite" finished-at="2021-08-21T18:06:34 IST" duration-ms="2464">
    <groups>
    </groups>
    <test started-at="2021-08-21T18:06:32 IST" name="Default test" finished-at="2021-08-21T18:06:34 IST" duration-ms="2464">
      <class name="com.todoistProject.test.Testing">
        <test-method signature="testToUpdateATask()[pri:0, instance:com.todoistProject.test.Testing@696da30b]" started-at="2021-08-21T18:06:32 IST" name="testToUpdateATask" finished-at="2021-08-21T18:06:34 IST" duration-ms="2435" status="PASS">
          <reporter-output>
          </reporter-output>
        </test-method> <!-- testToUpdateATask -->
      </class> <!-- com.todoistProject.test.Testing -->
    </test> <!-- Default test -->
  </suite> <!-- Default suite -->
</testng-results>
