<?xml version="1.0" encoding="UTF-8"?>
<testng-results ignored="0" total="1" passed="1" failed="0" skipped="0">
  <reporter-output>
  </reporter-output>
  <suite started-at="2021-08-20T10:54:55 IST" name="Default suite" finished-at="2021-08-20T10:55:12 IST" duration-ms="16816">
    <groups>
    </groups>
    <test started-at="2021-08-20T10:54:55 IST" name="Default test" finished-at="2021-08-20T10:55:12 IST" duration-ms="16816">
      <class name="com.todoistProject.test.Testing">
        <test-method signature="testToCheckCreateTask()[pri:0, instance:com.todoistProject.test.Testing@68c72235]" started-at="2021-08-20T10:54:55 IST" name="testToCheckCreateTask" finished-at="2021-08-20T10:55:11 IST" duration-ms="16518" status="PASS">
          <reporter-output>
          </reporter-output>
        </test-method> <!-- testToCheckCreateTask -->
      </class> <!-- com.todoistProject.test.Testing -->
    </test> <!-- Default test -->
  </suite> <!-- Default suite -->
</testng-results>
